<?xml version="1.0" encoding="UTF-8"?>
<!-- Generated by org.testng.reporters.JUnitXMLReporter -->
<testsuite ignored="0" hostname="DESKTOP-I1601C3" failures="0" tests="4" name="Default test" time="0.124" errors="0" timestamp="2026-02-13T12:46:54 PKT">
  <testcase classname="Framework.Testng.New1" name="test3" time="0.018"/>
  <testcase classname="Framework.Testng.New1" name="test2" time="0.005"/>
  <testcase classname="Framework.Testng.New1" name="test1" time="0.004"/>
  <testcase classname="Framework.Testng.New1" name="test4" time="0.005"/>
</testsuite> <!-- Default test -->
