<?xml version="1.0" encoding="UTF-8"?>
<!-- Generated by org.testng.reporters.JUnitXMLReporter -->
<testsuite ignored="2" hostname="DESKTOP-I1601C3" failures="1" tests="4" name="Test" time="0.154" errors="0" timestamp="2026-02-13T13:00:20 PKT">
  <testcase classname="Framework.Testng.New1" name="test2" time="0.019"/>
  <testcase classname="Framework.Testng.New1" name="test3" time="0.005"/>
  <testcase classname="Framework.Testng.New2" name="test5" time="0.005"/>
  <testcase classname="Framework.Testng.New2" name="test6" time="0.0">
    <failure type="org.testng.TestNGException" message="
Parameter &amp;apos;url&amp;apos; is required by @Test on method test6 but has not been marked @Optional or defined
in C:\Users\RABAH-PC\eclipse-workspace\Testng\testng.xml">
      <![CDATA[org.testng.TestNGException: 
Parameter 'url' is required by @Test on method test6 but has not been marked @Optional or defined
in C:\Users\RABAH-PC\eclipse-workspace\Testng\testng.xml
at java.base/java.util.ArrayList.forEach(ArrayList.java:1596)
... Removed 26 stack frames]]>
    </failure>
  </testcase> <!-- test6 -->
  <testcase classname="Framework.Testng.New1" name="test4" time="0.0">
    <ignored/>
  </testcase> <!-- test4 -->
  <testcase classname="Framework.Testng.New1" name="test1" time="0.0">
    <ignored/>
  </testcase> <!-- test1 -->
</testsuite> <!-- Test -->
