<?xml version="1.0" encoding="UTF-8"?>
<testng-results ignored="2" total="6" passed="3" failed="1" skipped="0">
  <reporter-output>
  </reporter-output>
  <suite started-at="2026-02-13T13:00:20 PKT" name="Suite" finished-at="2026-02-13T13:00:20 PKT" duration-ms="154">
    <groups>
    </groups>
    <test started-at="2026-02-13T13:00:20 PKT" name="Test" finished-at="2026-02-13T13:00:20 PKT" duration-ms="154">
      <class name="Framework.Testng.New1">
        <test-method signature="test2()[pri:0, instance:Framework.Testng.New1@5656be13]" started-at="2026-02-13T13:00:20 PKT" name="test2" finished-at="2026-02-13T13:00:20 PKT" duration-ms="19" status="PASS">
          <reporter-output>
          </reporter-output>
        </test-method> <!-- test2 -->
        <test-method signature="test3()[pri:0, instance:Framework.Testng.New1@5656be13]" started-at="2026-02-13T13:00:20 PKT" name="test3" finished-at="2026-02-13T13:00:20 PKT" duration-ms="5" status="PASS">
          <reporter-output>
          </reporter-output>
        </test-method> <!-- test3 -->
      </class> <!-- Framework.Testng.New1 -->
      <class name="Framework.Testng.New2">
        <test-method signature="test5()[pri:0, instance:Framework.Testng.New2@4802796d]" started-at="2026-02-13T13:00:20 PKT" name="test5" finished-at="2026-02-13T13:00:20 PKT" duration-ms="5" status="PASS">
          <reporter-output>
          </reporter-output>
        </test-method> <!-- test5 -->
        <test-method signature="test6(java.lang.String)[pri:0, instance:Framework.Testng.New2@4802796d]" started-at="2026-02-13T13:00:20 PKT" name="test6" finished-at="2026-02-13T13:00:20 PKT" duration-ms="0" status="FAIL">
          <exception class="org.testng.TestNGException">
            <message>
              <![CDATA[
Parameter 'url' is required by @Test on method test6 but has not been marked @Optional or defined
in C:\Users\RABAH-PC\eclipse-workspace\Testng\testng.xml]]>
            </message>
            <full-stacktrace>
              <![CDATA[org.testng.TestNGException: 
Parameter 'url' is required by @Test on method test6 but has not been marked @Optional or defined
in C:\Users\RABAH-PC\eclipse-workspace\Testng\testng.xml
at org.testng.internal.Parameters.createParams(Parameters.java:264)
at org.testng.internal.Parameters.createParametersForMethod(Parameters.java:352)
at org.testng.internal.Parameters.createParameters(Parameters.java:690)
at org.testng.internal.Parameters.handleParameters(Parameters.java:885)
at org.testng.internal.Parameters.handleParameters(Parameters.java:734)
at org.testng.internal.invokers.ParameterHandler.handleParameters(ParameterHandler.java:72)
at org.testng.internal.invokers.ParameterHandler.createParameters(ParameterHandler.java:51)
at org.testng.internal.invokers.TestInvoker$MethodInvocationAgent.invoke(TestInvoker.java:949)
at org.testng.internal.invokers.TestInvoker.invokeTestMethods(TestInvoker.java:203)
at org.testng.internal.invokers.TestMethodWorker.invokeTestMethods(TestMethodWorker.java:154)
at org.testng.internal.invokers.TestMethodWorker.run(TestMethodWorker.java:134)
at java.base/java.util.ArrayList.forEach(ArrayList.java:1596)
at org.testng.TestRunner.privateRun(TestRunner.java:741)
at org.testng.TestRunner.run(TestRunner.java:616)
at org.testng.SuiteRunner.runTest(SuiteRunner.java:421)
at org.testng.SuiteRunner.runSequentially(SuiteRunner.java:413)
at org.testng.SuiteRunner.privateRun(SuiteRunner.java:373)
at org.testng.SuiteRunner.run(SuiteRunner.java:312)
at org.testng.SuiteRunnerWorker.runSuite(SuiteRunnerWorker.java:52)
at org.testng.SuiteRunnerWorker.run(SuiteRunnerWorker.java:95)
at org.testng.TestNG.runSuitesSequentially(TestNG.java:1274)
at org.testng.TestNG.runSuitesLocally(TestNG.java:1208)
at org.testng.TestNG.runSuites(TestNG.java:1112)
at org.testng.TestNG.run(TestNG.java:1079)
at org.testng.remote.AbstractRemoteTestNG.run(AbstractRemoteTestNG.java:115)
at org.testng.remote.RemoteTestNG.initAndRun(RemoteTestNG.java:293)
at org.testng.remote.RemoteTestNG.main(RemoteTestNG.java:91)
]]>
            </full-stacktrace>
          </exception> <!-- org.testng.TestNGException -->
          <reporter-output>
          </reporter-output>
        </test-method> <!-- test6 -->
      </class> <!-- Framework.Testng.New2 -->
    </test> <!-- Test -->
  </suite> <!-- Suite -->
</testng-results>
